2023-07-20 10:45:04,662 - DEBUG - Gate iso_chamber is set to False
2023-07-20 10:45:04,818 - DEBUG - Gate iso_chamber is set to True
2023-07-20 10:45:04,985 - DEBUG - Gate iso_chamber is set to False
2023-07-20 10:45:43,385 - DEBUG - Gate WL is set to up
2023-07-20 10:45:43,401 - DEBUG - Gate WL is set to up
2023-07-20 10:45:43,401 - DEBUG - Gate SV is set to up
2023-07-20 10:45:43,440 - DEBUG - Gate WL is set to up
2023-07-20 10:45:43,503 - DEBUG - Gate nupro_final is set to False
2023-07-20 10:45:43,503 - DEBUG - Gate nupro_mfc1 is set to False
2023-07-20 10:45:43,503 - DEBUG - Gate nupro_mfc2 is set to False
2023-07-20 10:45:43,503 - DEBUG - Gate nupro_vent is set to False
2023-07-20 10:45:43,503 - DEBUG - Gate turbo_pump_rga_gate is set to False
2023-07-20 10:45:43,503 - DEBUG - Gate turbo_pump_rga_gate_p is set to False
2023-07-20 10:45:43,518 - DEBUG - Gate turbo_pump_ch_gate is set to False
2023-07-20 10:45:43,518 - DEBUG - Gate turbo_pump_ch_gate_p is set to False
2023-07-20 10:45:43,518 - DEBUG - Gate iso_chamber is set to False
2023-07-20 10:46:38,151 - DEBUG - Gate WL is set to down
2023-07-20 10:46:38,769 - DEBUG - Gate WL is set to up
2023-07-20 10:47:40,236 - DEBUG - Gate WL is set to up
2023-07-20 10:47:40,259 - DEBUG - Gate WL is set to up
2023-07-20 10:47:40,272 - DEBUG - Gate SV is set to up
2023-07-20 10:47:40,306 - DEBUG - Gate WL is set to up
2023-07-20 10:47:40,365 - DEBUG - Gate nupro_final is set to False
2023-07-20 10:47:40,368 - DEBUG - Gate nupro_mfc1 is set to False
2023-07-20 10:47:40,370 - DEBUG - Gate nupro_mfc2 is set to False
2023-07-20 10:47:40,372 - DEBUG - Gate nupro_vent is set to False
2023-07-20 10:47:40,373 - DEBUG - Gate turbo_pump_rga_gate is set to False
2023-07-20 10:47:40,376 - DEBUG - Gate turbo_pump_rga_gate_p is set to False
2023-07-20 10:47:40,377 - DEBUG - Gate turbo_pump_ch_gate is set to False
2023-07-20 10:47:40,380 - DEBUG - Gate turbo_pump_ch_gate_p is set to False
2023-07-20 10:47:40,382 - DEBUG - Gate iso_chamber is set to False
2023-07-20 10:48:25,940 - DEBUG - Gate WL is set to up
2023-07-20 10:48:25,955 - DEBUG - Gate WL is set to up
2023-07-20 10:48:25,968 - DEBUG - Gate SV is set to up
2023-07-20 10:48:26,008 - DEBUG - Gate WL is set to up
2023-07-20 10:48:26,071 - DEBUG - Gate nupro_final is set to False
2023-07-20 10:48:26,073 - DEBUG - Gate nupro_mfc1 is set to False
2023-07-20 10:48:26,075 - DEBUG - Gate nupro_mfc2 is set to False
2023-07-20 10:48:26,076 - DEBUG - Gate nupro_vent is set to False
2023-07-20 10:48:26,079 - DEBUG - Gate turbo_pump_rga_gate is set to False
2023-07-20 10:48:26,081 - DEBUG - Gate turbo_pump_rga_gate_p is set to False
2023-07-20 10:48:26,086 - DEBUG - Gate turbo_pump_ch_gate is set to False
2023-07-20 10:48:26,087 - DEBUG - Gate turbo_pump_ch_gate_p is set to False
2023-07-20 10:48:26,091 - DEBUG - Gate iso_chamber is set to False
2023-07-20 10:51:35,397 - DEBUG - Gate WL is set to up
2023-07-20 10:51:35,410 - DEBUG - Gate WL is set to up
2023-07-20 10:51:35,424 - DEBUG - Gate SV is set to up
2023-07-20 10:51:35,460 - DEBUG - Gate WL is set to up
2023-07-20 10:51:35,576 - DEBUG - Gate nupro_final is set to False
2023-07-20 10:51:35,582 - DEBUG - Gate nupro_mfc1 is set to False
2023-07-20 10:51:35,585 - DEBUG - Gate nupro_mfc2 is set to False
2023-07-20 10:51:35,588 - DEBUG - Gate nupro_vent is set to False
2023-07-20 10:51:35,592 - DEBUG - Gate turbo_pump_rga_gate is set to False
2023-07-20 10:51:35,596 - DEBUG - Gate turbo_pump_rga_gate_p is set to False
2023-07-20 10:51:35,600 - DEBUG - Gate turbo_pump_ch_gate is set to False
2023-07-20 10:51:35,602 - DEBUG - Gate turbo_pump_ch_gate_p is set to False
2023-07-20 10:51:35,606 - DEBUG - Gate iso_chamber is set to False
2023-07-20 10:53:05,969 - DEBUG - Gate WL is set to up
2023-07-20 10:53:05,984 - DEBUG - Gate WL is set to up
2023-07-20 10:53:05,998 - DEBUG - Gate SV is set to up
2023-07-20 10:53:06,034 - DEBUG - Gate WL is set to up
2023-07-20 10:53:06,096 - DEBUG - Gate nupro_final is set to False
2023-07-20 10:53:06,098 - DEBUG - Gate nupro_mfc1 is set to False
2023-07-20 10:53:06,101 - DEBUG - Gate nupro_mfc2 is set to False
2023-07-20 10:53:06,103 - DEBUG - Gate nupro_vent is set to False
2023-07-20 10:53:06,106 - DEBUG - Gate turbo_pump_rga_gate is set to False
2023-07-20 10:53:06,109 - DEBUG - Gate turbo_pump_rga_gate_p is set to False
2023-07-20 10:53:06,112 - DEBUG - Gate turbo_pump_ch_gate is set to False
2023-07-20 10:53:06,115 - DEBUG - Gate turbo_pump_ch_gate_p is set to False
2023-07-20 10:53:06,117 - DEBUG - Gate iso_chamber is set to False
2023-07-20 10:54:31,388 - DEBUG - Gate WL is set to up
2023-07-20 10:54:31,404 - DEBUG - Gate WL is set to up
2023-07-20 10:54:31,419 - DEBUG - Gate SV is set to up
2023-07-20 10:54:31,458 - DEBUG - Gate WL is set to up
2023-07-20 10:54:31,519 - DEBUG - Gate nupro_final is set to False
2023-07-20 10:54:31,520 - DEBUG - Gate nupro_mfc1 is set to False
2023-07-20 10:54:31,523 - DEBUG - Gate nupro_mfc2 is set to False
2023-07-20 10:54:31,525 - DEBUG - Gate nupro_vent is set to False
2023-07-20 10:54:31,528 - DEBUG - Gate turbo_pump_rga_gate is set to False
2023-07-20 10:54:31,529 - DEBUG - Gate turbo_pump_rga_gate_p is set to False
2023-07-20 10:54:31,531 - DEBUG - Gate turbo_pump_ch_gate is set to False
2023-07-20 10:54:31,533 - DEBUG - Gate turbo_pump_ch_gate_p is set to False
2023-07-20 10:54:31,535 - DEBUG - Gate iso_chamber is set to False
2023-07-20 10:56:36,566 - DEBUG - Gate WL is set to up
2023-07-20 10:56:36,585 - DEBUG - Gate WL is set to up
2023-07-20 10:56:36,600 - DEBUG - Gate SV is set to up
2023-07-20 10:56:36,631 - DEBUG - Gate WL is set to up
2023-07-20 10:56:36,685 - DEBUG - Gate nupro_final is set to False
2023-07-20 10:56:36,685 - DEBUG - Gate nupro_mfc1 is set to False
2023-07-20 10:56:36,701 - DEBUG - Gate nupro_mfc2 is set to False
2023-07-20 10:56:36,701 - DEBUG - Gate nupro_vent is set to False
2023-07-20 10:56:36,701 - DEBUG - Gate turbo_pump_rga_gate is set to False
2023-07-20 10:56:36,701 - DEBUG - Gate turbo_pump_rga_gate_p is set to False
2023-07-20 10:56:36,701 - DEBUG - Gate turbo_pump_ch_gate is set to False
2023-07-20 10:56:36,701 - DEBUG - Gate turbo_pump_ch_gate_p is set to False
2023-07-20 10:56:36,701 - DEBUG - Gate iso_chamber is set to False
2023-07-20 11:05:07,419 - DEBUG - Gate WL is set to up
2023-07-20 11:05:07,435 - DEBUG - Gate WL is set to up
2023-07-20 11:05:07,435 - DEBUG - Gate SV is set to up
2023-07-20 11:05:07,466 - DEBUG - Gate WL is set to up
2023-07-20 11:05:07,539 - DEBUG - Gate nupro_final is set to False
2023-07-20 11:05:07,542 - DEBUG - Gate nupro_mfc1 is set to False
2023-07-20 11:05:07,544 - DEBUG - Gate nupro_mfc2 is set to False
2023-07-20 11:05:07,546 - DEBUG - Gate nupro_vent is set to False
2023-07-20 11:05:07,548 - DEBUG - Gate turbo_pump_rga_gate is set to False
2023-07-20 11:05:07,550 - DEBUG - Gate turbo_pump_rga_gate_p is set to False
2023-07-20 11:05:07,552 - DEBUG - Gate turbo_pump_ch_gate is set to False
2023-07-20 11:05:07,554 - DEBUG - Gate turbo_pump_ch_gate_p is set to False
2023-07-20 11:05:07,555 - DEBUG - Gate iso_chamber is set to False
2023-07-20 11:06:10,513 - DEBUG - Gate WL is set to up
2023-07-20 11:06:10,528 - DEBUG - Gate WL is set to up
2023-07-20 11:06:10,542 - DEBUG - Gate SV is set to up
2023-07-20 11:06:10,576 - DEBUG - Gate WL is set to up
2023-07-20 11:06:10,636 - DEBUG - Gate nupro_final is set to False
2023-07-20 11:06:10,640 - DEBUG - Gate nupro_mfc1 is set to False
2023-07-20 11:06:10,642 - DEBUG - Gate nupro_mfc2 is set to False
2023-07-20 11:06:10,644 - DEBUG - Gate nupro_vent is set to False
2023-07-20 11:06:10,646 - DEBUG - Gate turbo_pump_rga_gate is set to False
2023-07-20 11:06:10,648 - DEBUG - Gate turbo_pump_rga_gate_p is set to False
2023-07-20 11:06:10,650 - DEBUG - Gate turbo_pump_ch_gate is set to False
2023-07-20 11:06:10,652 - DEBUG - Gate turbo_pump_ch_gate_p is set to False
2023-07-20 11:06:10,654 - DEBUG - Gate iso_chamber is set to False
2023-07-20 11:06:17,853 - DEBUG - Gate WL is set to up
2023-07-20 11:06:17,867 - DEBUG - Gate WL is set to up
2023-07-20 11:06:17,880 - DEBUG - Gate SV is set to up
2023-07-20 11:06:17,904 - DEBUG - Gate WL is set to up
2023-07-20 11:06:17,970 - DEBUG - Gate nupro_final is set to False
2023-07-20 11:06:17,972 - DEBUG - Gate nupro_mfc1 is set to False
2023-07-20 11:06:17,975 - DEBUG - Gate nupro_mfc2 is set to False
2023-07-20 11:06:17,977 - DEBUG - Gate nupro_vent is set to False
2023-07-20 11:06:17,979 - DEBUG - Gate turbo_pump_rga_gate is set to False
2023-07-20 11:06:17,980 - DEBUG - Gate turbo_pump_rga_gate_p is set to False
2023-07-20 11:06:17,983 - DEBUG - Gate turbo_pump_ch_gate is set to False
2023-07-20 11:06:17,985 - DEBUG - Gate turbo_pump_ch_gate_p is set to False
2023-07-20 11:06:17,987 - DEBUG - Gate iso_chamber is set to False
2023-07-20 11:06:58,011 - DEBUG - Gate WL is set to up
2023-07-20 11:06:58,025 - DEBUG - Gate WL is set to up
2023-07-20 11:06:58,039 - DEBUG - Gate SV is set to up
2023-07-20 11:06:58,075 - DEBUG - Gate WL is set to up
2023-07-20 11:06:58,140 - DEBUG - Gate nupro_final is set to False
2023-07-20 11:06:58,142 - DEBUG - Gate nupro_mfc1 is set to False
2023-07-20 11:06:58,145 - DEBUG - Gate nupro_mfc2 is set to False
2023-07-20 11:06:58,146 - DEBUG - Gate nupro_vent is set to False
2023-07-20 11:06:58,149 - DEBUG - Gate turbo_pump_rga_gate is set to False
2023-07-20 11:06:58,150 - DEBUG - Gate turbo_pump_rga_gate_p is set to False
2023-07-20 11:06:58,152 - DEBUG - Gate turbo_pump_ch_gate is set to False
2023-07-20 11:06:58,155 - DEBUG - Gate turbo_pump_ch_gate_p is set to False
2023-07-20 11:06:58,158 - DEBUG - Gate iso_chamber is set to False
2023-07-20 11:07:36,390 - DEBUG - Gate WL is set to up
2023-07-20 11:07:36,408 - DEBUG - Gate WL is set to up
2023-07-20 11:07:36,423 - DEBUG - Gate SV is set to up
2023-07-20 11:07:36,458 - DEBUG - Gate WL is set to up
2023-07-20 11:07:36,518 - DEBUG - Gate nupro_final is set to False
2023-07-20 11:07:36,521 - DEBUG - Gate nupro_mfc1 is set to False
2023-07-20 11:07:36,523 - DEBUG - Gate nupro_mfc2 is set to False
2023-07-20 11:07:36,526 - DEBUG - Gate nupro_vent is set to False
2023-07-20 11:07:36,528 - DEBUG - Gate turbo_pump_rga_gate is set to False
2023-07-20 11:07:36,530 - DEBUG - Gate turbo_pump_rga_gate_p is set to False
2023-07-20 11:07:36,532 - DEBUG - Gate turbo_pump_ch_gate is set to False
2023-07-20 11:07:36,534 - DEBUG - Gate turbo_pump_ch_gate_p is set to False
2023-07-20 11:07:36,537 - DEBUG - Gate iso_chamber is set to False
2023-07-20 11:08:29,237 - DEBUG - Gate nupro_final is set to True
2023-07-20 11:08:29,531 - DEBUG - Gate nupro_final is set to False
2023-07-20 11:08:29,847 - DEBUG - Gate nupro_mfc2 is set to True
2023-07-20 11:08:30,456 - DEBUG - Gate nupro_mfc1 is set to True
2023-07-20 11:08:30,735 - DEBUG - Gate nupro_mfc2 is set to False
2023-07-20 11:08:31,106 - DEBUG - Gate nupro_mfc1 is set to False
2023-07-20 11:08:31,461 - DEBUG - Gate nupro_vent is set to True
2023-07-20 11:08:31,740 - DEBUG - Gate nupro_vent is set to False
2023-07-20 11:08:32,650 - DEBUG - Gate turbo_pump_ch_gate_p is set to True
2023-07-20 11:08:33,278 - DEBUG - Gate turbo_pump_ch_gate_p is set to False
2023-07-20 11:09:13,236 - DEBUG - Gate WL is set to up
2023-07-20 11:09:13,236 - DEBUG - Gate WL is set to up
2023-07-20 11:09:13,252 - DEBUG - Gate SV is set to up
2023-07-20 11:09:13,301 - DEBUG - Gate WL is set to up
2023-07-20 11:09:13,427 - DEBUG - Gate nupro_final is set to False
2023-07-20 11:09:13,427 - DEBUG - Gate nupro_mfc1 is set to False
2023-07-20 11:09:13,433 - DEBUG - Gate nupro_mfc2 is set to False
2023-07-20 11:09:13,433 - DEBUG - Gate nupro_vent is set to False
2023-07-20 11:09:13,433 - DEBUG - Gate turbo_pump_rga_gate is set to False
2023-07-20 11:09:13,433 - DEBUG - Gate turbo_pump_rga_gate_p is set to False
2023-07-20 11:09:13,433 - DEBUG - Gate turbo_pump_ch_gate is set to False
2023-07-20 11:09:13,449 - DEBUG - Gate turbo_pump_ch_gate_p is set to False
2023-07-20 11:09:13,449 - DEBUG - Gate iso_chamber is set to False
